<?xml version="1.0" encoding="UTF-8"?>
<robot generator="Robot 6.0.2 (Python 3.11.1 on win32)" generated="20231118 12:21:57.015" rpa="false" schemaversion="3">
<suite id="s1" name="Logintestcase" source="C:\Users\BSR\PycharmProjects\RobotFrameworkWebAutomation\Testcases\logintestcase.robot">
<test id="s1-t1" name="test1" line="10">
<kw name="open nopcommerce website" library="login">
<kw name="Open Browser" library="SeleniumLibrary">
<arg>${url}</arg>
<arg>${browser}</arg>
<doc>Opens a new browser instance to the optional ``url``.</doc>
<msg timestamp="20231118 12:21:57.140" level="INFO">Opening browser 'chrome' to base url 'https://demo.nopcommerce.com/'.</msg>
<status status="PASS" starttime="20231118 12:21:57.140" endtime="20231118 12:22:00.717"/>
</kw>
<kw name="Maximize Browser Window" library="SeleniumLibrary">
<doc>Maximizes current browser window.</doc>
<status status="PASS" starttime="20231118 12:22:00.717" endtime="20231118 12:22:00.830"/>
</kw>
<status status="PASS" starttime="20231118 12:21:57.140" endtime="20231118 12:22:00.830"/>
</kw>
<status status="PASS" starttime="20231118 12:21:57.140" endtime="20231118 12:22:00.830"/>
</test>
<status status="PASS" starttime="20231118 12:21:57.015" endtime="20231118 12:22:00.832"/>
</suite>
<statistics>
<total>
<stat pass="1" fail="0" skip="0">All Tests</stat>
</total>
<tag>
</tag>
<suite>
<stat pass="1" fail="0" skip="0" id="s1" name="Logintestcase">Logintestcase</stat>
</suite>
</statistics>
<errors>
</errors>
</robot>
