<?xml version="1.0" encoding="UTF-8"?>
<robot generator="Robot 6.0.2 (Python 3.11.1 on win32)" generated="20230512 10:38:23.961" rpa="false" schemaversion="3">
<suite id="s1" name="Logintestcase" source="C:\Users\BSR\PycharmProjects\RobotFrameworkWebAutomation\Testcases\logintestcase.robot">
<kw name="open nopcommerce website" library="login" type="SETUP">
<kw name="Open Browser" library="SeleniumLibrary">
<arg>${url}</arg>
<arg>${browser}</arg>
<doc>Opens a new browser instance to the optional ``url``.</doc>
<msg timestamp="20230512 10:38:24.103" level="INFO">Opening browser 'chrome' to base url 'https://demo.nopcommerce.com/'.</msg>
<status status="PASS" starttime="20230512 10:38:24.103" endtime="20230512 10:38:27.033"/>
</kw>
<status status="PASS" starttime="20230512 10:38:24.103" endtime="20230512 10:38:27.033"/>
</kw>
<test id="s1-t1" name="Invalid login using supriya@gmail.com and Pass@123" line="11">
<kw name="InValid Login">
<arg>supriya@gmail.com</arg>
<arg>Pass@123</arg>
<kw name="click on login link" library="login">
<kw name="Click Element" library="SeleniumLibrary">
<arg>${login}</arg>
<doc>Click the element identified by ``locator``.</doc>
<msg timestamp="20230512 10:38:27.042" level="INFO">Clicking element '//a[contains(text(),'Log in')]'.</msg>
<status status="PASS" starttime="20230512 10:38:27.041" endtime="20230512 10:38:27.604"/>
</kw>
<status status="PASS" starttime="20230512 10:38:27.041" endtime="20230512 10:38:27.604"/>
</kw>
<kw name="Enter email" library="login">
<arg>${username}</arg>
<kw name="Input Text" library="SeleniumLibrary">
<arg>${email}</arg>
<arg>${username}</arg>
<doc>Types the given ``text`` into the text field identified by ``locator``.</doc>
<msg timestamp="20230512 10:38:27.604" level="INFO">Typing text 'supriya@gmail.com' into text field '//input[@id='Email']'.</msg>
<status status="PASS" starttime="20230512 10:38:27.604" endtime="20230512 10:38:27.708"/>
</kw>
<status status="PASS" starttime="20230512 10:38:27.604" endtime="20230512 10:38:27.708"/>
</kw>
<kw name="Enter password" library="login">
<arg>${pass}</arg>
<kw name="Input Text" library="SeleniumLibrary">
<arg>${password}</arg>
<arg>${pass}</arg>
<doc>Types the given ``text`` into the text field identified by ``locator``.</doc>
<msg timestamp="20230512 10:38:27.708" level="INFO">Typing text 'Pass@123' into text field '//input[@id='Password']'.</msg>
<status status="PASS" starttime="20230512 10:38:27.708" endtime="20230512 10:38:27.789"/>
</kw>
<status status="PASS" starttime="20230512 10:38:27.708" endtime="20230512 10:38:27.789"/>
</kw>
<kw name="click on login button" library="login">
<kw name="Click Button" library="SeleniumLibrary">
<arg>${loginbutton}</arg>
<doc>Clicks the button identified by ``locator``.</doc>
<msg timestamp="20230512 10:38:27.790" level="INFO">Clicking button '//button[contains(text(),'Log in')]'.</msg>
<status status="PASS" starttime="20230512 10:38:27.790" endtime="20230512 10:38:28.260"/>
</kw>
<status status="PASS" starttime="20230512 10:38:27.790" endtime="20230512 10:38:28.260"/>
</kw>
<kw name="check if page contains error message" library="login">
<kw name="Page Should Contain" library="SeleniumLibrary">
<arg>Login was unsuccessful</arg>
<doc>Verifies that current page contains ``text``.</doc>
<msg timestamp="20230512 10:38:28.283" level="INFO">Current page contains text 'Login was unsuccessful'.</msg>
<status status="PASS" starttime="20230512 10:38:28.260" endtime="20230512 10:38:28.283"/>
</kw>
<status status="PASS" starttime="20230512 10:38:28.260" endtime="20230512 10:38:28.283"/>
</kw>
<status status="PASS" starttime="20230512 10:38:27.033" endtime="20230512 10:38:28.283"/>
</kw>
<status status="PASS" starttime="20230512 10:38:27.033" endtime="20230512 10:38:28.283"/>
</test>
<test id="s1-t2" name="Invalid login using supriya1@gmail.com and pass" line="11">
<kw name="InValid Login">
<arg>supriya1@gmail.com</arg>
<arg>pass</arg>
<kw name="click on login link" library="login">
<kw name="Click Element" library="SeleniumLibrary">
<arg>${login}</arg>
<doc>Click the element identified by ``locator``.</doc>
<msg timestamp="20230512 10:38:28.284" level="INFO">Clicking element '//a[contains(text(),'Log in')]'.</msg>
<status status="PASS" starttime="20230512 10:38:28.284" endtime="20230512 10:38:28.715"/>
</kw>
<status status="PASS" starttime="20230512 10:38:28.284" endtime="20230512 10:38:28.715"/>
</kw>
<kw name="Enter email" library="login">
<arg>${username}</arg>
<kw name="Input Text" library="SeleniumLibrary">
<arg>${email}</arg>
<arg>${username}</arg>
<doc>Types the given ``text`` into the text field identified by ``locator``.</doc>
<msg timestamp="20230512 10:38:28.715" level="INFO">Typing text 'supriya1@gmail.com' into text field '//input[@id='Email']'.</msg>
<status status="PASS" starttime="20230512 10:38:28.715" endtime="20230512 10:38:28.783"/>
</kw>
<status status="PASS" starttime="20230512 10:38:28.715" endtime="20230512 10:38:28.783"/>
</kw>
<kw name="Enter password" library="login">
<arg>${pass}</arg>
<kw name="Input Text" library="SeleniumLibrary">
<arg>${password}</arg>
<arg>${pass}</arg>
<doc>Types the given ``text`` into the text field identified by ``locator``.</doc>
<msg timestamp="20230512 10:38:28.783" level="INFO">Typing text 'pass' into text field '//input[@id='Password']'.</msg>
<status status="PASS" starttime="20230512 10:38:28.783" endtime="20230512 10:38:28.833"/>
</kw>
<status status="PASS" starttime="20230512 10:38:28.783" endtime="20230512 10:38:28.833"/>
</kw>
<kw name="click on login button" library="login">
<kw name="Click Button" library="SeleniumLibrary">
<arg>${loginbutton}</arg>
<doc>Clicks the button identified by ``locator``.</doc>
<msg timestamp="20230512 10:38:28.833" level="INFO">Clicking button '//button[contains(text(),'Log in')]'.</msg>
<status status="PASS" starttime="20230512 10:38:28.833" endtime="20230512 10:38:29.380"/>
</kw>
<status status="PASS" starttime="20230512 10:38:28.833" endtime="20230512 10:38:29.380"/>
</kw>
<kw name="check if page contains error message" library="login">
<kw name="Page Should Contain" library="SeleniumLibrary">
<arg>Login was unsuccessful</arg>
<doc>Verifies that current page contains ``text``.</doc>
<msg timestamp="20230512 10:38:29.396" level="INFO">Current page contains text 'Login was unsuccessful'.</msg>
<status status="PASS" starttime="20230512 10:38:29.380" endtime="20230512 10:38:29.396"/>
</kw>
<status status="PASS" starttime="20230512 10:38:29.380" endtime="20230512 10:38:29.396"/>
</kw>
<status status="PASS" starttime="20230512 10:38:28.284" endtime="20230512 10:38:29.396"/>
</kw>
<status status="PASS" starttime="20230512 10:38:28.284" endtime="20230512 10:38:29.396"/>
</test>
<test id="s1-t3" name="Invalid login using supriya1@gmail.com and " line="11">
<kw name="InValid Login">
<arg>supriya1@gmail.com</arg>
<kw name="click on login link" library="login">
<kw name="Click Element" library="SeleniumLibrary">
<arg>${login}</arg>
<doc>Click the element identified by ``locator``.</doc>
<msg timestamp="20230512 10:38:29.401" level="INFO">Clicking element '//a[contains(text(),'Log in')]'.</msg>
<status status="PASS" starttime="20230512 10:38:29.401" endtime="20230512 10:38:29.855"/>
</kw>
<status status="PASS" starttime="20230512 10:38:29.401" endtime="20230512 10:38:29.855"/>
</kw>
<kw name="Enter email" library="login">
<arg>${username}</arg>
<kw name="Input Text" library="SeleniumLibrary">
<arg>${email}</arg>
<arg>${username}</arg>
<doc>Types the given ``text`` into the text field identified by ``locator``.</doc>
<msg timestamp="20230512 10:38:29.855" level="INFO">Typing text 'supriya1@gmail.com' into text field '//input[@id='Email']'.</msg>
<status status="PASS" starttime="20230512 10:38:29.855" endtime="20230512 10:38:29.912"/>
</kw>
<status status="PASS" starttime="20230512 10:38:29.855" endtime="20230512 10:38:29.912"/>
</kw>
<kw name="Enter password" library="login">
<arg>${pass}</arg>
<kw name="Input Text" library="SeleniumLibrary">
<arg>${password}</arg>
<arg>${pass}</arg>
<doc>Types the given ``text`` into the text field identified by ``locator``.</doc>
<msg timestamp="20230512 10:38:29.912" level="INFO">Typing text '' into text field '//input[@id='Password']'.</msg>
<status status="PASS" starttime="20230512 10:38:29.912" endtime="20230512 10:38:29.968"/>
</kw>
<status status="PASS" starttime="20230512 10:38:29.912" endtime="20230512 10:38:29.968"/>
</kw>
<kw name="click on login button" library="login">
<kw name="Click Button" library="SeleniumLibrary">
<arg>${loginbutton}</arg>
<doc>Clicks the button identified by ``locator``.</doc>
<msg timestamp="20230512 10:38:29.968" level="INFO">Clicking button '//button[contains(text(),'Log in')]'.</msg>
<status status="PASS" starttime="20230512 10:38:29.968" endtime="20230512 10:38:30.401"/>
</kw>
<status status="PASS" starttime="20230512 10:38:29.968" endtime="20230512 10:38:30.401"/>
</kw>
<kw name="check if page contains error message" library="login">
<kw name="Page Should Contain" library="SeleniumLibrary">
<arg>Login was unsuccessful</arg>
<doc>Verifies that current page contains ``text``.</doc>
<msg timestamp="20230512 10:38:30.410" level="INFO">Current page contains text 'Login was unsuccessful'.</msg>
<status status="PASS" starttime="20230512 10:38:30.403" endtime="20230512 10:38:30.410"/>
</kw>
<status status="PASS" starttime="20230512 10:38:30.401" endtime="20230512 10:38:30.410"/>
</kw>
<status status="PASS" starttime="20230512 10:38:29.401" endtime="20230512 10:38:30.410"/>
</kw>
<status status="PASS" starttime="20230512 10:38:29.396" endtime="20230512 10:38:30.418"/>
</test>
<test id="s1-t4" name="Invalid login using  and Pass@123" line="11">
<kw name="InValid Login">
<arg>Pass@123</arg>
<kw name="click on login link" library="login">
<kw name="Click Element" library="SeleniumLibrary">
<arg>${login}</arg>
<doc>Click the element identified by ``locator``.</doc>
<msg timestamp="20230512 10:38:30.418" level="INFO">Clicking element '//a[contains(text(),'Log in')]'.</msg>
<status status="PASS" starttime="20230512 10:38:30.418" endtime="20230512 10:38:30.921"/>
</kw>
<status status="PASS" starttime="20230512 10:38:30.418" endtime="20230512 10:38:30.921"/>
</kw>
<kw name="Enter email" library="login">
<arg>${username}</arg>
<kw name="Input Text" library="SeleniumLibrary">
<arg>${email}</arg>
<arg>${username}</arg>
<doc>Types the given ``text`` into the text field identified by ``locator``.</doc>
<msg timestamp="20230512 10:38:30.921" level="INFO">Typing text '' into text field '//input[@id='Email']'.</msg>
<status status="PASS" starttime="20230512 10:38:30.921" endtime="20230512 10:38:30.979"/>
</kw>
<status status="PASS" starttime="20230512 10:38:30.921" endtime="20230512 10:38:30.979"/>
</kw>
<kw name="Enter password" library="login">
<arg>${pass}</arg>
<kw name="Input Text" library="SeleniumLibrary">
<arg>${password}</arg>
<arg>${pass}</arg>
<doc>Types the given ``text`` into the text field identified by ``locator``.</doc>
<msg timestamp="20230512 10:38:30.979" level="INFO">Typing text 'Pass@123' into text field '//input[@id='Password']'.</msg>
<status status="PASS" starttime="20230512 10:38:30.979" endtime="20230512 10:38:31.051"/>
</kw>
<status status="PASS" starttime="20230512 10:38:30.979" endtime="20230512 10:38:31.051"/>
</kw>
<kw name="click on login button" library="login">
<kw name="Click Button" library="SeleniumLibrary">
<arg>${loginbutton}</arg>
<doc>Clicks the button identified by ``locator``.</doc>
<msg timestamp="20230512 10:38:31.051" level="INFO">Clicking button '//button[contains(text(),'Log in')]'.</msg>
<status status="PASS" starttime="20230512 10:38:31.051" endtime="20230512 10:38:31.116"/>
</kw>
<status status="PASS" starttime="20230512 10:38:31.051" endtime="20230512 10:38:31.116"/>
</kw>
<kw name="check if page contains error message" library="login">
<kw name="Page Should Contain" library="SeleniumLibrary">
<arg>Login was unsuccessful</arg>
<doc>Verifies that current page contains ``text``.</doc>
<msg timestamp="20230512 10:38:31.265" level="INFO" html="true">&lt;/td&gt;&lt;/tr&gt;&lt;tr&gt;&lt;td colspan="3"&gt;&lt;a href="selenium-screenshot-5.png"&gt;&lt;img src="selenium-screenshot-5.png" width="800px"&gt;&lt;/a&gt;</msg>
<msg timestamp="20230512 10:38:31.265" level="FAIL">Page should have contained text 'Login was unsuccessful' but did not.</msg>
<status status="FAIL" starttime="20230512 10:38:31.116" endtime="20230512 10:38:31.265"/>
</kw>
<status status="FAIL" starttime="20230512 10:38:31.116" endtime="20230512 10:38:31.265"/>
</kw>
<status status="FAIL" starttime="20230512 10:38:30.418" endtime="20230512 10:38:31.265"/>
</kw>
<status status="FAIL" starttime="20230512 10:38:30.418" endtime="20230512 10:38:31.265">Page should have contained text 'Login was unsuccessful' but did not.</status>
</test>
<kw name="close bowser" library="login" type="TEARDOWN">
<kw name="Close All Browsers" library="SeleniumLibrary">
<doc>Closes all open browsers and resets the browser cache.</doc>
<status status="PASS" starttime="20230512 10:38:31.265" endtime="20230512 10:38:37.399"/>
</kw>
<status status="PASS" starttime="20230512 10:38:31.265" endtime="20230512 10:38:37.399"/>
</kw>
<status status="FAIL" starttime="20230512 10:38:23.961" endtime="20230512 10:38:37.399"/>
</suite>
<statistics>
<total>
<stat pass="3" fail="1" skip="0">All Tests</stat>
</total>
<tag>
</tag>
<suite>
<stat pass="3" fail="1" skip="0" id="s1" name="Logintestcase">Logintestcase</stat>
</suite>
</statistics>
<errors>
</errors>
</robot>
